2013-08-22 11:31:01.056 [IPControllerApp] Hub listening on tcp://127.0.0.1:57468 for registration.
2013-08-22 11:31:01.057 [IPControllerApp] Hub using DB backend: 'NoDB'
2013-08-22 11:31:01.310 [IPControllerApp] hub::created hub
2013-08-22 11:31:01.310 [IPControllerApp] writing connection info to /Users/sglyon/.ipython/profile_default/security/ipcontroller-client.json
2013-08-22 11:31:01.310 [IPControllerApp] writing connection info to /Users/sglyon/.ipython/profile_default/security/ipcontroller-engine.json
2013-08-22 11:31:01.311 [IPControllerApp] task::using Python leastload Task scheduler
2013-08-22 11:31:01.311 [IPControllerApp] Heartmonitor started
2013-08-22 11:31:01.317 [IPControllerApp] Creating pid file: /Users/sglyon/.ipython/profile_default/pid/ipcontroller.pid
2013-08-22 11:31:01.329 [IPControllerApp] client::client '\x00\x80\x00A\xa7' requested u'connection_request'
2013-08-22 11:31:01.329 [IPControllerApp] client::client ['\x00\x80\x00A\xa7'] connected
2013-08-22 11:31:02.067 [IPControllerApp] client::client '9c392ec8-18ac-42d5-833c-9f4139e0e991' requested u'registration_request'
2013-08-22 11:31:02.130 [IPControllerApp] WARNING | iopub::IOPub message lacks parent: {'parent_header': {}, 'msg_type': u'status', 'msg_id': u'7e3aa532-c4b9-4caf-bcc0-546888bb91dd', 'content': {u'execution_state': u'starting'}, 'header': {u'date': datetime.datetime(2013, 8, 22, 11, 31, 2, 129814), u'username': u'sglyon', u'session': u'9c392ec8-18ac-42d5-833c-9f4139e0e991', u'msg_id': u'7e3aa532-c4b9-4caf-bcc0-546888bb91dd', u'msg_type': u'status'}, 'buffers': [], 'metadata': {}}
2013-08-22 11:31:02.181 [IPControllerApp] client::client '81c0de1a-9c84-4a0b-a6a7-380b61dd8b7f' requested u'registration_request'
2013-08-22 11:31:02.238 [IPControllerApp] WARNING | iopub::IOPub message lacks parent: {'parent_header': {}, 'msg_type': u'status', 'msg_id': u'43c3413e-f177-4f12-8a16-886c285be2cc', 'content': {u'execution_state': u'starting'}, 'header': {u'date': datetime.datetime(2013, 8, 22, 11, 31, 2, 237594), u'username': u'sglyon', u'session': u'81c0de1a-9c84-4a0b-a6a7-380b61dd8b7f', u'msg_id': u'43c3413e-f177-4f12-8a16-886c285be2cc', u'msg_type': u'status'}, 'buffers': [], 'metadata': {}}
2013-08-22 11:31:02.290 [IPControllerApp] client::client '5dc92969-f38a-470d-8c4b-ea220bd7b4f2' requested u'registration_request'
2013-08-22 11:31:02.343 [IPControllerApp] WARNING | iopub::IOPub message lacks parent: {'parent_header': {}, 'msg_type': u'status', 'msg_id': u'5ab83901-66a7-4056-a476-29e4a1d1e14a', 'content': {u'execution_state': u'starting'}, 'header': {u'date': datetime.datetime(2013, 8, 22, 11, 31, 2, 342619), u'username': u'sglyon', u'session': u'5dc92969-f38a-470d-8c4b-ea220bd7b4f2', u'msg_id': u'5ab83901-66a7-4056-a476-29e4a1d1e14a', u'msg_type': u'status'}, 'buffers': [], 'metadata': {}}
2013-08-22 11:31:02.396 [IPControllerApp] client::client 'bc72cf2d-c2ab-40cc-a60e-dbd40257e34e' requested u'registration_request'
2013-08-22 11:31:02.447 [IPControllerApp] WARNING | iopub::IOPub message lacks parent: {'parent_header': {}, 'msg_type': u'status', 'msg_id': u'141279b2-5fe8-4e69-8b6f-10f8ed41c4c3', 'content': {u'execution_state': u'starting'}, 'header': {u'date': datetime.datetime(2013, 8, 22, 11, 31, 2, 446595), u'username': u'sglyon', u'session': u'bc72cf2d-c2ab-40cc-a60e-dbd40257e34e', u'msg_id': u'141279b2-5fe8-4e69-8b6f-10f8ed41c4c3', u'msg_type': u'status'}, 'buffers': [], 'metadata': {}}
2013-08-22 11:31:07.312 [IPControllerApp] registration::finished registering engine 0:9c392ec8-18ac-42d5-833c-9f4139e0e991
2013-08-22 11:31:07.313 [IPControllerApp] engine::Engine Connected: 0
2013-08-22 11:31:07.314 [IPControllerApp] registration::finished registering engine 1:81c0de1a-9c84-4a0b-a6a7-380b61dd8b7f
2013-08-22 11:31:07.314 [IPControllerApp] engine::Engine Connected: 1
2013-08-22 11:31:07.320 [IPControllerApp] registration::finished registering engine 3:bc72cf2d-c2ab-40cc-a60e-dbd40257e34e
2013-08-22 11:31:07.321 [IPControllerApp] engine::Engine Connected: 3
2013-08-22 11:31:07.322 [IPControllerApp] registration::finished registering engine 2:5dc92969-f38a-470d-8c4b-ea220bd7b4f2
2013-08-22 11:31:07.322 [IPControllerApp] engine::Engine Connected: 2
2013-08-22 11:32:08.611 [IPControllerApp] client::client '\x00\x80\x00A\xa8' requested u'connection_request'
2013-08-22 11:32:08.611 [IPControllerApp] client::client ['\x00\x80\x00A\xa8'] connected
2013-08-22 11:32:19.669 [IPControllerApp] queue::client '\x00\x06\x05\x8e\xd8' submitted request u'eb4aaead-0d37-4277-91c6-dc13d4dfc61c' to 0
2013-08-22 11:32:19.670 [IPControllerApp] queue::client '\x00\x06\x05\x8e\xd8' submitted request u'1e1bdfc8-adb6-43e5-b6ab-4441ec25ff03' to 1
2013-08-22 11:32:19.671 [IPControllerApp] queue::client '\x00\x06\x05\x8e\xd8' submitted request u'97eee4ec-4428-4350-ab2d-689d6b455f98' to 2
2013-08-22 11:32:19.672 [IPControllerApp] queue::client '\x00\x06\x05\x8e\xd8' submitted request u'4fa5c282-5ecb-4166-a86f-6619d41e4a18' to 3
2013-08-22 11:32:19.674 [IPControllerApp] queue::request u'1e1bdfc8-adb6-43e5-b6ab-4441ec25ff03' completed on 1
2013-08-22 11:32:19.675 [IPControllerApp] queue::request u'eb4aaead-0d37-4277-91c6-dc13d4dfc61c' completed on 0
2013-08-22 11:32:19.676 [IPControllerApp] queue::request u'97eee4ec-4428-4350-ab2d-689d6b455f98' completed on 2
2013-08-22 11:32:19.676 [IPControllerApp] queue::request u'4fa5c282-5ecb-4166-a86f-6619d41e4a18' completed on 3
2013-08-22 11:38:50.588 [IPControllerApp] client::client '\x00\x80\x00A\xa9' requested u'connection_request'
2013-08-22 11:38:50.588 [IPControllerApp] client::client ['\x00\x80\x00A\xa9'] connected
2013-08-22 11:39:17.118 [IPControllerApp] queue::client '\x00\x06\x05\x8e\xd9' submitted request u'03148eae-87bf-499b-958f-3bc07e182649' to 0
2013-08-22 11:39:17.119 [IPControllerApp] queue::client '\x00\x06\x05\x8e\xd9' submitted request u'f30c66d5-6ef7-4697-ac96-915d2652c311' to 1
2013-08-22 11:39:17.121 [IPControllerApp] queue::client '\x00\x06\x05\x8e\xd9' submitted request u'72186cf6-77b1-4b84-b503-318f393dea15' to 2
2013-08-22 11:39:17.122 [IPControllerApp] queue::client '\x00\x06\x05\x8e\xd9' submitted request u'e5fcca76-d79e-4126-9745-d4879cb43a17' to 3
2013-08-22 11:39:17.141 [IPControllerApp] queue::request u'72186cf6-77b1-4b84-b503-318f393dea15' completed on 2
2013-08-22 11:39:17.146 [IPControllerApp] queue::request u'f30c66d5-6ef7-4697-ac96-915d2652c311' completed on 1
2013-08-22 11:39:17.148 [IPControllerApp] queue::request u'03148eae-87bf-499b-958f-3bc07e182649' completed on 0
2013-08-22 11:39:17.150 [IPControllerApp] queue::request u'e5fcca76-d79e-4126-9745-d4879cb43a17' completed on 3
2013-08-22 11:39:38.094 [IPControllerApp] CRITICAL | Received signal 2, shutting down
2013-08-22 11:39:38.094 [IPControllerApp] CRITICAL | terminating children...
2013-08-22 11:39:38.095 [IPControllerApp] CRITICAL | Received signal 2, shutting down
2013-08-22 11:39:38.095 [IPControllerApp] CRITICAL | terminating children...
