2013-08-22 11:39:54.052 [IPControllerApp] Hub listening on tcp://127.0.0.1:57649 for registration.
2013-08-22 11:39:54.053 [IPControllerApp] Hub using DB backend: 'NoDB'
2013-08-22 11:39:54.306 [IPControllerApp] hub::created hub
2013-08-22 11:39:54.306 [IPControllerApp] writing connection info to /Users/sglyon/.ipython/profile_default/security/ipcontroller-client.json
2013-08-22 11:39:54.306 [IPControllerApp] writing connection info to /Users/sglyon/.ipython/profile_default/security/ipcontroller-engine.json
2013-08-22 11:39:54.307 [IPControllerApp] task::using Python leastload Task scheduler
2013-08-22 11:39:54.307 [IPControllerApp] Heartmonitor started
2013-08-22 11:39:54.311 [IPControllerApp] Creating pid file: /Users/sglyon/.ipython/profile_default/pid/ipcontroller.pid
2013-08-22 11:39:54.321 [IPControllerApp] client::client '\x00\x80\x00A\xa7' requested u'connection_request'
2013-08-22 11:39:54.321 [IPControllerApp] client::client ['\x00\x80\x00A\xa7'] connected
2013-08-22 11:39:55.079 [IPControllerApp] client::client 'e1735c3f-5033-4176-8db7-e5f86591943d' requested u'registration_request'
2013-08-22 11:39:55.146 [IPControllerApp] WARNING | iopub::IOPub message lacks parent: {'parent_header': {}, 'msg_type': u'status', 'msg_id': u'5775677b-4ac0-4b56-afd0-3cfda403b89b', 'content': {u'execution_state': u'starting'}, 'header': {u'date': datetime.datetime(2013, 8, 22, 11, 39, 55, 145455), u'username': u'sglyon', u'session': u'e1735c3f-5033-4176-8db7-e5f86591943d', u'msg_id': u'5775677b-4ac0-4b56-afd0-3cfda403b89b', u'msg_type': u'status'}, 'buffers': [], 'metadata': {}}
2013-08-22 11:39:55.189 [IPControllerApp] client::client 'a4728fda-0803-4256-9c98-a1c60f603643' requested u'registration_request'
2013-08-22 11:39:55.248 [IPControllerApp] WARNING | iopub::IOPub message lacks parent: {'parent_header': {}, 'msg_type': u'status', 'msg_id': u'696e005b-b821-4144-929a-643e8d80709d', 'content': {u'execution_state': u'starting'}, 'header': {u'date': datetime.datetime(2013, 8, 22, 11, 39, 55, 247969), u'username': u'sglyon', u'session': u'a4728fda-0803-4256-9c98-a1c60f603643', u'msg_id': u'696e005b-b821-4144-929a-643e8d80709d', u'msg_type': u'status'}, 'buffers': [], 'metadata': {}}
2013-08-22 11:39:55.317 [IPControllerApp] client::client '0b03c50c-1973-4c34-ba9b-90a2bf205053' requested u'registration_request'
2013-08-22 11:39:55.370 [IPControllerApp] WARNING | iopub::IOPub message lacks parent: {'parent_header': {}, 'msg_type': u'status', 'msg_id': u'041b7a2e-2fa2-4f1f-bec7-1123e4223f14', 'content': {u'execution_state': u'starting'}, 'header': {u'date': datetime.datetime(2013, 8, 22, 11, 39, 55, 369718), u'username': u'sglyon', u'session': u'0b03c50c-1973-4c34-ba9b-90a2bf205053', u'msg_id': u'041b7a2e-2fa2-4f1f-bec7-1123e4223f14', u'msg_type': u'status'}, 'buffers': [], 'metadata': {}}
2013-08-22 11:39:55.405 [IPControllerApp] client::client 'bfb989fa-0ea5-4129-9d33-c0fa7497ae33' requested u'registration_request'
2013-08-22 11:39:55.457 [IPControllerApp] WARNING | iopub::IOPub message lacks parent: {'parent_header': {}, 'msg_type': u'status', 'msg_id': u'c3d1a3a5-9e34-4215-9257-9d01e8e25edd', 'content': {u'execution_state': u'starting'}, 'header': {u'date': datetime.datetime(2013, 8, 22, 11, 39, 55, 456825), u'username': u'sglyon', u'session': u'bfb989fa-0ea5-4129-9d33-c0fa7497ae33', u'msg_id': u'c3d1a3a5-9e34-4215-9257-9d01e8e25edd', u'msg_type': u'status'}, 'buffers': [], 'metadata': {}}
2013-08-22 11:40:00.307 [IPControllerApp] registration::finished registering engine 1:a4728fda-0803-4256-9c98-a1c60f603643
2013-08-22 11:40:00.308 [IPControllerApp] engine::Engine Connected: 1
2013-08-22 11:40:00.308 [IPControllerApp] registration::finished registering engine 0:e1735c3f-5033-4176-8db7-e5f86591943d
2013-08-22 11:40:00.309 [IPControllerApp] engine::Engine Connected: 0
2013-08-22 11:40:00.315 [IPControllerApp] registration::finished registering engine 2:0b03c50c-1973-4c34-ba9b-90a2bf205053
2013-08-22 11:40:00.315 [IPControllerApp] engine::Engine Connected: 2
2013-08-22 11:40:00.316 [IPControllerApp] registration::finished registering engine 3:bfb989fa-0ea5-4129-9d33-c0fa7497ae33
2013-08-22 11:40:00.316 [IPControllerApp] engine::Engine Connected: 3
2013-08-22 11:40:17.884 [IPControllerApp] client::client '\x00\x80\x00A\xa8' requested u'connection_request'
2013-08-22 11:40:17.884 [IPControllerApp] client::client ['\x00\x80\x00A\xa8'] connected
2013-08-22 11:40:26.272 [IPControllerApp] queue::client '\x00\x06\x05\x8e\xd8' submitted request u'2da55920-4f00-434d-ade8-6ec1de25a8a6' to 0
2013-08-22 11:40:26.273 [IPControllerApp] queue::client '\x00\x06\x05\x8e\xd8' submitted request u'554eed44-4d05-471e-b606-feff74241354' to 1
2013-08-22 11:40:26.275 [IPControllerApp] queue::client '\x00\x06\x05\x8e\xd8' submitted request u'5aa9afa0-69c5-4bf5-8b9c-95942ea691bf' to 2
2013-08-22 11:40:26.276 [IPControllerApp] queue::client '\x00\x06\x05\x8e\xd8' submitted request u'f9c46535-f393-4a77-8d57-e9053e5af7f0' to 3
2013-08-22 11:41:09.054 [IPControllerApp] CRITICAL | Received signal 2, shutting down
2013-08-22 11:41:09.054 [IPControllerApp] CRITICAL | terminating children...
2013-08-22 11:41:09.054 [IPControllerApp] CRITICAL | Received signal 2, shutting down
2013-08-22 11:41:09.055 [IPControllerApp] CRITICAL | terminating children...
